\BOOKMARK [1][]{section.1}{\376\377\116\000\060\001\000\040\225\356\230\230\221\315\217\360}{}% 1
\BOOKMARK [2][]{subsection.1.1}{\376\377\0001\000.\0001\000\040\225\356\230\230\200\314\146\157}{section.1}% 2
\BOOKMARK [2][]{subsection.1.2}{\376\377\0001\000.\0002\000\040\225\356\230\230\166\204\143\320\121\372}{section.1}% 3
\BOOKMARK [2][]{subsection.1.3}{\376\377\0001\000.\0003\000\040\145\160\143\156\230\204\131\004\164\006}{section.1}% 4
\BOOKMARK [1][]{section.2}{\376\377\116\214\060\001\000\040\225\356\230\230\122\006\147\220}{}% 5
\BOOKMARK [2][]{subsection.2.1}{\376\377\0002\000.\0001\000\040\225\356\230\230\116\000\166\204\122\006\147\220}{section.2}% 6
\BOOKMARK [2][]{subsection.2.2}{\376\377\0002\000.\0002\000\040\225\356\230\230\116\214\166\204\122\006\147\220}{section.2}% 7
\BOOKMARK [2][]{subsection.2.3}{\376\377\0002\000.\0003\000\040\225\356\230\230\116\011\166\204\122\006\147\220}{section.2}% 8
\BOOKMARK [1][]{section.3}{\376\377\116\011\060\001\000\040\152\041\127\213\155\101\172\013\126\376}{}% 9
\BOOKMARK [1][]{section.4}{\376\377\126\333\060\001\000\040\152\041\127\213\120\107\213\276}{}% 10
\BOOKMARK [1][]{section.5}{\376\377\116\224\060\001\000\040\173\046\123\367\213\364\146\016}{}% 11
\BOOKMARK [1][]{section.6}{\376\377\121\155\060\001\000\040\225\356\230\230\116\000\136\372\152\041\116\016\154\102\211\343}{}% 12
\BOOKMARK [2][]{subsection.6.1}{\376\377\0006\000.\0001\000\040\160\160\202\162\176\374\124\010\213\304\116\367\154\325\164\006\213\272\127\372\170\100}{section.6}% 13
\BOOKMARK [2][]{subsection.6.2}{\376\377\0006\000.\0002\000\040\116\011\211\322\152\041\174\312\145\160}{section.6}% 14
\BOOKMARK [3][]{subsubsection.6.2.1}{\376\377\0006\000.\0002\000.\0001\000\040\116\011\211\322\152\041\174\312\145\160\133\232\116\111}{subsection.6.2}% 15
\BOOKMARK [3][]{subsubsection.6.2.2}{\376\377\0006\000.\0002\000.\0002\000\040\116\011\211\322\152\041\174\312\145\160\140\047\215\050}{subsection.6.2}% 16
\BOOKMARK [3][]{subsubsection.6.2.3}{\376\377\0006\000.\0002\000.\0003\000\040\116\011\211\322\152\041\174\312\145\160\147\204\136\372\116\222\210\145\122\044\145\255\167\351\226\065}{subsection.6.2}% 17
\BOOKMARK [2][]{subsection.6.3}{\376\377\0006\000.\0003\000\040\127\372\116\216\116\011\211\322\152\041\174\312\145\160\166\204\160\160\202\162\177\121\176\334\122\006\147\220\154\325}{section.6}% 18
\BOOKMARK [3][]{subsubsection.6.3.1}{\376\377\0006\000.\0003\000.\0001\000\040\230\316\226\151\213\304\116\367\143\007\150\007\226\306\124\010\230\316\226\151\213\304\213\355\226\306}{subsection.6.3}% 19
\BOOKMARK [3][]{subsubsection.6.3.2}{\376\377\0006\000.\0003\000.\0002\000\040\136\372\172\313\177\121\176\334\134\102\153\041\176\323\147\204}{subsection.6.3}% 20
\BOOKMARK [3][]{subsubsection.6.3.3}{\376\377\0006\000.\0003\000.\0003\000\040\000F\000\040\000-\000\040\000A\000N\000P\170\156\133\232\143\007\150\007\147\103\221\315}{subsection.6.3}% 21
\BOOKMARK [3][]{subsubsection.6.3.4}{\376\377\0006\000.\0003\000.\0004\000\040\170\156\133\232\143\007\150\007\147\103\221\315}{subsection.6.3}% 22
\BOOKMARK [2][]{subsection.6.4}{\376\377\0006\000.\0004\000\040\160\160\202\162\176\374\124\010\213\304\116\367}{section.6}% 23
\BOOKMARK [3][]{subsubsection.6.4.1}{\376\377\0006\000.\0004\000.\0001\000\040\147\204\136\372\143\007\150\007\213\304\122\006\150\067\147\054\167\351\226\065}{subsection.6.4}% 24
\BOOKMARK [3][]{subsubsection.6.4.2}{\376\377\0006\000.\0004\000.\0002\000\040\213\241\173\227\143\007\150\007\213\304\116\367\160\160\174\173}{subsection.6.4}% 25
\BOOKMARK [3][]{subsubsection.6.4.3}{\376\377\0006\000.\0004\000.\0003\000\040\154\102\160\160\202\162\213\304\116\367\174\373\145\160}{subsection.6.4}% 26
\BOOKMARK [3][]{subsubsection.6.4.4}{\376\377\0006\000.\0004\000.\0004\000\040\213\241\173\227\160\160\202\162\213\304\116\367\167\351\226\065}{subsection.6.4}% 27
\BOOKMARK [3][]{subsubsection.6.4.5}{\376\377\0006\000.\0004\000.\0005\000\040\230\316\226\151\213\304\116\367}{subsection.6.4}% 28
\BOOKMARK [2][]{subsection.6.5}{\376\377\0006\000.\0005\000\040\117\001\116\032\215\067\153\076\230\235\136\246\166\176\122\006\153\324}{section.6}% 29
\BOOKMARK [2][]{subsection.6.6}{\376\377\0006\000.\0006\000\040\117\001\116\032\215\067\153\076\122\051\163\207}{section.6}% 30
\BOOKMARK [1][]{section.7}{\376\377\116\003\060\001\000\040\225\356\230\230\116\214\166\204\136\372\152\041\116\016\154\102\211\343}{}% 31
\BOOKMARK [2][]{subsection.7.1}{\376\377\0007\000.\0001\000\040\117\001\116\032\117\341\215\067\230\235\136\246\154\102\211\343}{section.7}% 32
\BOOKMARK [2][]{subsection.7.2}{\376\377\0007\000.\0002\000\040\000R\000A\000R\000O\000C\215\067\153\076\133\232\116\367\152\041\127\213\164\006\213\272\127\372\170\100}{section.7}% 33
\BOOKMARK [2][]{subsection.7.3}{\376\377\0007\000.\0003\000\040\145\071\217\333\166\204\000R\000A\000R\000O\000C\152\041\127\213}{section.7}% 34
\BOOKMARK [2][]{subsection.7.4}{\376\377\0007\000.\0004\000\040\217\320\165\050\145\071\217\333\124\016\166\204\000\040\000R\000A\000R\000O\000C\000\040\152\041\127\213\213\241\173\227\215\067\153\076\122\051\163\207}{section.7}% 35
\BOOKMARK [1][]{section.8}{\376\377\121\153\060\001\000\040\225\356\230\230\116\011\166\204\136\372\152\041\116\016\154\102\211\343}{}% 36
\BOOKMARK [2][]{subsection.8.1}{\376\377\0008\000.\0001\000\040\145\260\121\240\165\253\140\305\137\161\124\315\116\013\166\204\142\021\126\375\163\260\162\266\122\006\147\220}{section.8}% 37
\BOOKMARK [2][]{subsection.8.2}{\376\377\0008\000.\0002\000\040\142\021\126\375\210\114\116\032\166\204\147\052\147\145\123\321\134\125\122\006\147\220}{section.8}% 38
\BOOKMARK [2][]{subsection.8.3}{\376\377\0008\000.\0003\000\040\145\260\121\240\165\253\140\305\137\161\124\315\116\013\166\204\224\366\210\114\117\341\215\067\214\003\145\164\173\126\165\145}{section.8}% 39
\BOOKMARK [2][]{subsection.8.4}{\376\377\0008\000.\0004\000\040\121\166\116\326\172\201\123\321\126\340\175\040\137\161\124\315\116\013\166\204\224\366\210\114\117\341\215\067\214\003\145\164\173\126\165\145\377\010\116\345\171\321\170\024\172\201\170\064\116\072\117\213\377\011}{section.8}% 40
\BOOKMARK [1][]{section.9}{\376\377\116\135\060\001\000\040\152\041\127\213\166\204\213\304\116\367}{}% 41
\BOOKMARK [2][]{subsection.9.1}{\376\377\0009\000.\0001\000\040\152\041\127\213\117\030\160\271}{section.9}% 42
\BOOKMARK [2][]{subsection.9.2}{\376\377\0009\000.\0002\000\040\152\041\127\213\177\072\160\271}{section.9}% 43
\BOOKMARK [1][]{section*.12}{\376\377\123\302\200\003\145\207\163\056}{}% 44
\BOOKMARK [1][]{appendix.A}{\376\377\000A\000\040\000\040\0001\0002\0003\000\040\133\266\117\001\116\032\230\316\226\151\221\317\123\026\120\074\124\214\230\316\226\151\213\304\176\247}{}% 45
\BOOKMARK [1][]{appendix.B}{\376\377\000B\000\040\000\040\0001\0002\0003\000\040\133\266\117\001\116\032\117\341\215\067\230\235\136\246\166\176\122\006\153\324\124\214\117\341\215\067\122\051\163\207}{}% 46
\BOOKMARK [1][]{appendix.C}{\376\377\000C\000\040\000\040\0003\0000\0002\000\040\133\266\117\001\116\032\230\316\226\151\221\317\123\026\120\074\124\214\230\316\226\151\213\304\176\247}{}% 47
\BOOKMARK [1][]{appendix.D}{\376\377\000D\000\040\000\040\0003\0000\0002\000\040\133\266\117\001\116\032\117\341\215\067\230\235\136\246\166\176\122\006\153\324\124\214\117\341\215\067\122\051\163\207}{}% 48
\BOOKMARK [1][]{appendix.E}{\376\377\000E\000\040\000\040\145\260\121\240\165\253\140\305\137\161\124\315\116\013\000\040\0003\0000\0002\000\040\133\266\117\001\116\032\117\341\215\067\230\235\136\246\166\176\122\006\153\324\124\214\117\341\215\067\122\051\163\207}{}% 49
\BOOKMARK [1][]{appendix.F}{\376\377\000F\000\040\116\073\152\041\127\213\116\343\170\001}{}% 50
\BOOKMARK [1][]{appendix.G}{\376\377\000G\000\040\165\073\126\376\116\343\170\001}{}% 51
